Command line:
   DATA_IN_isim_beh.exe
     -simmode  gui
     -simrunnum  0
     -socket  34993

Mon Feb 20 19:32:03 2023


 Elaboration Time: 0.03 sec

 Current Memory Usage: 195.105 Meg

 Total Signals          : 19
 Total Nets             : 140
 Total Signal Drivers   : 10
 Total Blocks           : 4
 Total Primitive Blocks : 3
 Total Processes        : 4
 Total Traceable Variables  : 14
 Total Scalar Nets and Variables : 624
Total Line Count : 28

 Total Simulation Time: 0.09 sec

 Current Memory Usage: 270.606 Meg

Mon Feb 20 19:38:59 2023

