Command line:
   SPI_SLAVE_isim_beh.exe
     -simmode  gui
     -simrunnum  0
     -socket  56347

Tue Feb 21 15:28:23 2023


 Elaboration Time: 0.05 sec

 Current Memory Usage: 195.105 Meg

 Total Signals          : 11
 Total Nets             : 116
 Total Signal Drivers   : 8
 Total Blocks           : 3
 Total Primitive Blocks : 3
 Total Processes        : 2
 Total Traceable Variables  : 14
 Total Scalar Nets and Variables : 600
Total Line Count : 23
Total Line Count : 23

 Total Simulation Time: 0.44 sec

 Current Memory Usage: 270.606 Meg

Tue Feb 21 15:33:31 2023

